<?xml version="1.0" encoding="UTF-8"?><TestSessionContainer xmlns="http://www.codecover.org/xml/testsession-container" Date="1455162133136" TestSessionContainerId="9f342e9c-461f-4ea1-9b35-d6235e0120ac" version="1.0">
<SrcFileList>
<SrcFile Content="package g2_3;&#10;&#10;public class EjecutorG2_3 {&#10;&#9;&#10;&#9;&#9;static public int hexToDec(String palabra)&#10;&#9;&#9;{&#10;&#9;&#9;&#9;int unNumero=0;&#9;&#9;&#9;&#10;&#9;&#9;&#9;int ptro=0;&#10;&#9;&#9;&#9;&#10;&#9;&#9;&#9;for (int i=0;i&lt;palabra.length();i++)&#10;&#9;&#9;&#9;{&#10;&#9;&#9;&#9;&#9;ptro=unHex.hexDigToDec(palabra.charAt(i));&#10;&#9;&#9;&#9;&#9;if (ptro==-1) return -1;&#10;&#9;&#9;&#9;&#9;unNumero*=16;&#10;&#9;&#9;&#9;&#9;unNumero+=ptro;&#9;&#9;&#9;&#9;&#10;&#9;&#9;&#9;}&#10;&#9;&#9;&#9;&#10;&#9;&#9;&#9;return unNumero;&#10;&#9;&#9;}&#10;}&#10;" Filename="EjecutorG2_3.java" Intrnl_Id="1"/>
</SrcFileList>
<CritList>
<CritListEntry Name="org.codecover.model.utils.criteria.LoopCoverage" PluginName="org.codecover"/>
<CritListEntry Name="org.codecover.model.utils.criteria.QMOCoverage" PluginName="org.codecover"/>
<CritListEntry Name="org.codecover.model.utils.criteria.ConditionCoverage" PluginName="org.codecover"/>
<CritListEntry Name="org.codecover.model.utils.criteria.BranchCoverage" PluginName="org.codecover"/>
<CritListEntry Name="org.codecover.model.utils.criteria.SynchronizedStatementCoverage" PluginName="org.codecover"/>
<CritListEntry Name="org.codecover.model.utils.criteria.StatementCoverage" PluginName="org.codecover"/>
</CritList>
<BoolOpList/>
<HierarchyLvlTypeList>
<HierarchyLvlType EnglishName="package" IntrnlName="package" Intrnl_Id="2"/>
<HierarchyLvlType EnglishName="method" IntrnlName="method" Intrnl_Id="3"/>
<HierarchyLvlType EnglishName="class" IntrnlName="class" Intrnl_Id="4"/>
<HierarchyLvlType EnglishName="default package" IntrnlName="default package" Intrnl_Id="5"/>
</HierarchyLvlTypeList>
<MASTRoot>
<HierarchyLvl HierarchyLvlId="234" HierarchyLvlTypeId="5" Intrnl_Id="6" Name="default package">
<Header/>
<LocList/>
<HierarchyLvl HierarchyLvlId="233" HierarchyLvlTypeId="2" Intrnl_Id="7" Name="g2_3">
<Header/>
<LocList/>
<HierarchyLvl HierarchyLvlId="232" HierarchyLvlTypeId="4" Intrnl_Id="8" Name="EjecutorG2_3">
<Header>
<Loc EndOffset="40" SrcFileId="1" StartOffset="15"/>
</Header>
<LocList>
<Loc EndOffset="332" SrcFileId="1" StartOffset="15"/>
</LocList>
<HierarchyLvl HierarchyLvlId="231" HierarchyLvlTypeId="3" Intrnl_Id="9" Name="hexToDec">
<Header>
<Loc EndOffset="89" SrcFileId="1" StartOffset="47"/>
</Header>
<LocList>
<Loc EndOffset="330" SrcFileId="1" StartOffset="47"/>
</LocList>
<StmntSeq Intrnl_Id="10">
<LocList>
<Loc EndOffset="112" SrcFileId="1" StartOffset="97"/>
<Loc EndOffset="130" SrcFileId="1" StartOffset="119"/>
<Loc EndOffset="302" SrcFileId="1" StartOffset="138"/>
<Loc EndOffset="326" SrcFileId="1" StartOffset="310"/>
</LocList>
<BasicStmnt CovItemId="S1" CovItemPrefix="g2_3.EjecutorG2_3.java" Intrnl_Id="11">
<LocList>
<Loc EndOffset="112" SrcFileId="1" StartOffset="97"/>
</LocList>
</BasicStmnt>
<BasicStmnt CovItemId="S2" CovItemPrefix="g2_3.EjecutorG2_3.java" Intrnl_Id="12">
<LocList>
<Loc EndOffset="130" SrcFileId="1" StartOffset="119"/>
</LocList>
</BasicStmnt>
<LoopStmnt CovItemId="S3" CovItemPrefix="g2_3.EjecutorG2_3.java" Intrnl_Id="13" MltplExecId="L1-2" MltplExecPrefix="g2_3.EjecutorG2_3.java" NvrExecId="L1-0" NvrExecPrefix="g2_3.EjecutorG2_3.java" OnceExecutedId="L1-1" OnceExecutedPrefix="g2_3.EjecutorG2_3.java" OptBodyExec="true">
<StmntSeq Intrnl_Id="14">
<LocList>
<Loc EndOffset="226" SrcFileId="1" StartOffset="184"/>
<Loc EndOffset="255" SrcFileId="1" StartOffset="231"/>
<Loc EndOffset="273" SrcFileId="1" StartOffset="260"/>
<Loc EndOffset="293" SrcFileId="1" StartOffset="278"/>
</LocList>
<BasicStmnt CovItemId="S4" CovItemPrefix="g2_3.EjecutorG2_3.java" Intrnl_Id="15">
<LocList>
<Loc EndOffset="226" SrcFileId="1" StartOffset="184"/>
</LocList>
</BasicStmnt>
<CondStmnt CovItemId="S5" CovItemPrefix="g2_3.EjecutorG2_3.java" Intrnl_Id="16">
<Branch CovItemId="B1" CovItemPrefix="g2_3.EjecutorG2_3.java" Implct="false" Intrnl_Id="17">
<Cond/>
<LocList>
<Loc EndOffset="255" SrcFileId="1" StartOffset="245"/>
</LocList>
<StmntSeq Intrnl_Id="18">
<LocList>
<Loc EndOffset="255" SrcFileId="1" StartOffset="245"/>
</LocList>
<BasicStmnt CovItemId="S6" CovItemPrefix="g2_3.EjecutorG2_3.java" Intrnl_Id="19">
<LocList>
<Loc EndOffset="255" SrcFileId="1" StartOffset="245"/>
</LocList>
</BasicStmnt>
</StmntSeq>
</Branch>
<Branch CovItemId="B2" CovItemPrefix="g2_3.EjecutorG2_3.java" Implct="true" Intrnl_Id="20">
<Cond/>
<LocList/>
<StmntSeq Intrnl_Id="21">
<LocList/>
</StmntSeq>
</Branch>
<Keyword EndOffset="233" SrcFileId="1" StartOffset="231"/>
<LocList>
<Loc EndOffset="255" SrcFileId="1" StartOffset="231"/>
</LocList>
<RootTerm CovItemId="C2" CovItemPrefix="g2_3.EjecutorG2_3.java" Intrnl_Id="22">
<BasicBoolTerm Intrnl_Id="23">
<LocList>
<Loc EndOffset="243" SrcFileId="1" StartOffset="235"/>
</LocList>
</BasicBoolTerm>
</RootTerm>
</CondStmnt>
<BasicStmnt CovItemId="S7" CovItemPrefix="g2_3.EjecutorG2_3.java" Intrnl_Id="24">
<LocList>
<Loc EndOffset="273" SrcFileId="1" StartOffset="260"/>
</LocList>
</BasicStmnt>
<BasicStmnt CovItemId="S8" CovItemPrefix="g2_3.EjecutorG2_3.java" Intrnl_Id="25">
<LocList>
<Loc EndOffset="293" SrcFileId="1" StartOffset="278"/>
</LocList>
</BasicStmnt>
</StmntSeq>
<Keyword EndOffset="141" SrcFileId="1" StartOffset="138"/>
<LocList>
<Loc EndOffset="302" SrcFileId="1" StartOffset="138"/>
</LocList>
<RootTerm CovItemId="C1" CovItemPrefix="g2_3.EjecutorG2_3.java" Intrnl_Id="26">
<BasicBoolTerm Intrnl_Id="27">
<LocList>
<Loc EndOffset="169" SrcFileId="1" StartOffset="151"/>
</LocList>
</BasicBoolTerm>
</RootTerm>
</LoopStmnt>
<BasicStmnt CovItemId="S9" CovItemPrefix="g2_3.EjecutorG2_3.java" Intrnl_Id="28">
<LocList>
<Loc EndOffset="326" SrcFileId="1" StartOffset="310"/>
</LocList>
</BasicStmnt>
</StmntSeq>
</HierarchyLvl>
</HierarchyLvl>
</HierarchyLvl>
</HierarchyLvl>
</MASTRoot>
<TestSession Comment="" Date="1455162312420" Name="11-feb-2016 4:45:12">
<TestCase Comment="" Date="1455162312385" Name="g2_3.TestG2_3:hexToDecTest1">
<CovList>
<CovPrefix CovItemPrefix="g2_3.EjecutorG2_3.java">
<Cov CovItemId="B1" Value="1"/>
<Cov CovItemId="B2" Value="2"/>
<Cov CovItemId="L1-1" Value="1"/>
<Cov CovItemId="L1-2" Value="1"/>
<Cov CovItemId="S1" Value="2"/>
<Cov CovItemId="S2" Value="2"/>
<Cov CovItemId="S3" Value="2"/>
<Cov CovItemId="S4" Value="3"/>
<Cov CovItemId="S5" Value="3"/>
<Cov CovItemId="S6" Value="1"/>
<Cov CovItemId="S7" Value="2"/>
<Cov CovItemId="S8" Value="2"/>
<Cov CovItemId="S9" Value="1"/>
</CovPrefix>
</CovList>
<AssgnmntList>
<AssgnmntPrefix RootTermCovItemPrefix="g2_3.EjecutorG2_3.java">
<AssgnmntListEntry Length="1" RootTermCovItemId="C1">
<MapEntry BoolAssgnmnt="0" Value="1"/>
<MapEntry BoolAssgnmnt="1" Value="3"/>
</AssgnmntListEntry>
<AssgnmntListEntry Length="1" RootTermCovItemId="C2">
<MapEntry BoolAssgnmnt="0" Value="2"/>
<MapEntry BoolAssgnmnt="1" Value="1"/>
</AssgnmntListEntry>
</AssgnmntPrefix>
</AssgnmntList>
<ObjMetaDataList/>
<MetaDataList/>
</TestCase>
<TestCase Comment="" Date="1455162312395" Name="g2_3.TestG2_3:hexToDecTest2">
<CovList>
<CovPrefix CovItemPrefix="g2_3.EjecutorG2_3.java">
<Cov CovItemId="B1" Value="1"/>
<Cov CovItemId="B2" Value="2"/>
<Cov CovItemId="L1-0" Value="1"/>
<Cov CovItemId="L1-1" Value="1"/>
<Cov CovItemId="L1-2" Value="1"/>
<Cov CovItemId="S1" Value="3"/>
<Cov CovItemId="S2" Value="3"/>
<Cov CovItemId="S3" Value="3"/>
<Cov CovItemId="S4" Value="3"/>
<Cov CovItemId="S5" Value="3"/>
<Cov CovItemId="S6" Value="1"/>
<Cov CovItemId="S7" Value="2"/>
<Cov CovItemId="S8" Value="2"/>
<Cov CovItemId="S9" Value="2"/>
</CovPrefix>
</CovList>
<AssgnmntList>
<AssgnmntPrefix RootTermCovItemPrefix="g2_3.EjecutorG2_3.java">
<AssgnmntListEntry Length="1" RootTermCovItemId="C1">
<MapEntry BoolAssgnmnt="0" Value="2"/>
<MapEntry BoolAssgnmnt="1" Value="3"/>
</AssgnmntListEntry>
<AssgnmntListEntry Length="1" RootTermCovItemId="C2">
<MapEntry BoolAssgnmnt="0" Value="2"/>
<MapEntry BoolAssgnmnt="1" Value="1"/>
</AssgnmntListEntry>
</AssgnmntPrefix>
</AssgnmntList>
<ObjMetaDataList/>
<MetaDataList/>
</TestCase>
<MetaDataList/>
</TestSession>
</TestSessionContainer>
