<?xml version="1.0" encoding="UTF-8"?><TestSessionContainer xmlns="http://www.codecover.org/xml/testsession-container" Date="1455158577264" TestSessionContainerId="eef527f4-4803-4326-a7f7-059883365f5f" version="1.0">
<SrcFileList>
<SrcFile Content="package g2_2;&#10;&#10;public class EjecutorG2_2 {&#10;&#9;&#10;&#9;&#10;&#9; &#10;&#9;static public int reRedonda (int[] unArray)&#10;&#9;{&#9;&#9;&#10;&#9;&#9;//si array vacío&#10;&#9;&#9;if (unArray.length==0) return -1;&#10;&#9;&#9;int acumulada=0;&#9;&#9;&#10;&#9;&#9;int i=0;&#10;&#9;&#9;boolean enc=false;&#9;&#9;&#10;&#9;&#9;while ((i&lt;unArray.length)  &amp;&amp; !enc)&#10;&#9;&#9;{&#10;&#9;&#9;&#9;&#10;&#9;&#9;&#9;enc=(unArray[i]==acumulada)&amp;&amp; (unArray[i]%2==0);&#10;&#9;&#9;&#9;acumulada+=unArray[i];&#9;&#9;&#9;&#10;&#9;&#9;&#9;i++;&#10;&#9;&#9;}&#10;&#9;&#9;&#10;&#9;&#9;if (enc)&#10;&#9;&#9;&#9;return i-1;&#10;&#9;&#9;else&#10;&#9;&#9;&#9;return -1;&#10;&#9;&#9;&#10;&#9;&#9;&#10;&#9;}&#10;&#10;}&#10;" Filename="EjecutorG2_2.java" Intrnl_Id="1"/>
<SrcFile Content="package g2_1;&#10;&#10;public class EjecutorG2_1 {&#10;&#9;&#10;&#9;public static int hexDigToDec (char unaLetra)&#10;&#9;{&#10;&#9;&#9;int ret=-1;&#10;&#9;&#9;boolean esCifra=false;&#10;&#9;&#9;boolean esLetraHex=false;&#10;&#9;&#9;&#10;&#9;&#9;//convierto todo a minusculas&#10;&#9;&#9;if (unaLetra&gt;='A' &amp;&amp; unaLetra&lt;='F')&#10;&#9;&#9;&#9;unaLetra=Character.toLowerCase(unaLetra);&#10;&#9;&#9;&#9;&#10;&#9;&#9;&#10;&#9;&#9;//compruebo si entrada está bien&#10;&#9;&#9;esLetraHex=(unaLetra&gt;='a' &amp;&amp; unaLetra&lt;='f');&#10;&#9;&#9;esCifra=(unaLetra&gt;='0' &amp;&amp; unaLetra&lt;='9');&#10;&#9;&#9;&#9;&#9;&#10;&#9;&#9;&#10;&#9;&#9;//proceso&#10;&#9;&#9;if (esCifra) //if (unaLetra&gt;='a' &amp;&amp; unaLetra&lt;='f') OR&#10;&#9;&#9;&#9;&#9;&#9;//(unaLetra&gt;='0' &amp;&amp; unaLetra&lt;='9')&#10;&#9;&#9;&#9;ret=Character.getNumericValue(unaLetra);&#10;&#9;&#9;else&#10;&#9;&#9;&#9;if(esLetraHex)&#10;&#9;&#9;&#9;&#9;ret=10+unaLetra-'a';&#10;&#9;&#9;&#10;&#9;&#9;&#9;&#9;&#10;&#9;&#10;&#9;&#9;&#10;&#9;&#9;&#10;&#9;&#9;return ret;&#10;&#9;}&#10;&#10;}&#10;" Filename="EjecutorG2_1.java" Intrnl_Id="2"/>
</SrcFileList>
<CritList>
<CritListEntry Name="org.codecover.model.utils.criteria.LoopCoverage" PluginName="org.codecover"/>
<CritListEntry Name="org.codecover.model.utils.criteria.QMOCoverage" PluginName="org.codecover"/>
<CritListEntry Name="org.codecover.model.utils.criteria.ConditionCoverage" PluginName="org.codecover"/>
<CritListEntry Name="org.codecover.model.utils.criteria.BranchCoverage" PluginName="org.codecover"/>
<CritListEntry Name="org.codecover.model.utils.criteria.SynchronizedStatementCoverage" PluginName="org.codecover"/>
<CritListEntry Name="org.codecover.model.utils.criteria.StatementCoverage" PluginName="org.codecover"/>
</CritList>
<BoolOpList>
<BoolOp Arity="2" Intrnl_Id="3" Name="conditional and (&amp;&amp;)">
<BoolAssgnmntBoolMapList>
<MapEntry BoolAssgnmnt="02" Value="false"/>
<MapEntry BoolAssgnmnt="10" Value="false"/>
<MapEntry BoolAssgnmnt="11" Value="true"/>
</BoolAssgnmntBoolMapList>
</BoolOp>
<BoolOp Arity="1" Intrnl_Id="4" Name="not (!)">
<BoolAssgnmntBoolMapList>
<MapEntry BoolAssgnmnt="1" Value="false"/>
<MapEntry BoolAssgnmnt="0" Value="true"/>
</BoolAssgnmntBoolMapList>
</BoolOp>
</BoolOpList>
<HierarchyLvlTypeList>
<HierarchyLvlType EnglishName="package" IntrnlName="package" Intrnl_Id="5"/>
<HierarchyLvlType EnglishName="method" IntrnlName="method" Intrnl_Id="6"/>
<HierarchyLvlType EnglishName="class" IntrnlName="class" Intrnl_Id="7"/>
<HierarchyLvlType EnglishName="default package" IntrnlName="default package" Intrnl_Id="8"/>
</HierarchyLvlTypeList>
<MASTRoot>
<HierarchyLvl HierarchyLvlId="121" HierarchyLvlTypeId="8" Intrnl_Id="9" Name="default package">
<Header/>
<LocList/>
<HierarchyLvl HierarchyLvlId="119" HierarchyLvlTypeId="5" Intrnl_Id="10" Name="g2_2">
<Header/>
<LocList/>
<HierarchyLvl HierarchyLvlId="116" HierarchyLvlTypeId="7" Intrnl_Id="11" Name="EjecutorG2_2">
<Header>
<Loc EndOffset="40" SrcFileId="1" StartOffset="15"/>
</Header>
<LocList>
<Loc EndOffset="410" SrcFileId="1" StartOffset="15"/>
</LocList>
<HierarchyLvl HierarchyLvlId="115" HierarchyLvlTypeId="6" Intrnl_Id="12" Name="reRedonda">
<Header>
<Loc EndOffset="94" SrcFileId="1" StartOffset="51"/>
</Header>
<LocList>
<Loc EndOffset="407" SrcFileId="1" StartOffset="51"/>
</LocList>
<StmntSeq Intrnl_Id="13">
<LocList>
<Loc EndOffset="154" SrcFileId="1" StartOffset="121"/>
<Loc EndOffset="173" SrcFileId="1" StartOffset="157"/>
<Loc EndOffset="186" SrcFileId="1" StartOffset="178"/>
<Loc EndOffset="207" SrcFileId="1" StartOffset="189"/>
<Loc EndOffset="348" SrcFileId="1" StartOffset="212"/>
<Loc EndOffset="398" SrcFileId="1" StartOffset="354"/>
</LocList>
<CondStmnt CovItemId="S1" CovItemPrefix="g2_2.EjecutorG2_2.java" Intrnl_Id="14">
<Branch CovItemId="B1" CovItemPrefix="g2_2.EjecutorG2_2.java" Implct="false" Intrnl_Id="15">
<Cond/>
<LocList>
<Loc EndOffset="154" SrcFileId="1" StartOffset="144"/>
</LocList>
<StmntSeq Intrnl_Id="16">
<LocList>
<Loc EndOffset="154" SrcFileId="1" StartOffset="144"/>
</LocList>
<BasicStmnt CovItemId="S2" CovItemPrefix="g2_2.EjecutorG2_2.java" Intrnl_Id="17">
<LocList>
<Loc EndOffset="154" SrcFileId="1" StartOffset="144"/>
</LocList>
</BasicStmnt>
</StmntSeq>
</Branch>
<Branch CovItemId="B2" CovItemPrefix="g2_2.EjecutorG2_2.java" Implct="true" Intrnl_Id="18">
<Cond/>
<LocList/>
<StmntSeq Intrnl_Id="19">
<LocList/>
</StmntSeq>
</Branch>
<Keyword EndOffset="123" SrcFileId="1" StartOffset="121"/>
<LocList>
<Loc EndOffset="154" SrcFileId="1" StartOffset="121"/>
</LocList>
<RootTerm CovItemId="C1" CovItemPrefix="g2_2.EjecutorG2_2.java" Intrnl_Id="20">
<BasicBoolTerm Intrnl_Id="21">
<LocList>
<Loc EndOffset="142" SrcFileId="1" StartOffset="125"/>
</LocList>
</BasicBoolTerm>
</RootTerm>
</CondStmnt>
<BasicStmnt CovItemId="S3" CovItemPrefix="g2_2.EjecutorG2_2.java" Intrnl_Id="22">
<LocList>
<Loc EndOffset="173" SrcFileId="1" StartOffset="157"/>
</LocList>
</BasicStmnt>
<BasicStmnt CovItemId="S4" CovItemPrefix="g2_2.EjecutorG2_2.java" Intrnl_Id="23">
<LocList>
<Loc EndOffset="186" SrcFileId="1" StartOffset="178"/>
</LocList>
</BasicStmnt>
<BasicStmnt CovItemId="S5" CovItemPrefix="g2_2.EjecutorG2_2.java" Intrnl_Id="24">
<LocList>
<Loc EndOffset="207" SrcFileId="1" StartOffset="189"/>
</LocList>
</BasicStmnt>
<LoopStmnt CovItemId="S6" CovItemPrefix="g2_2.EjecutorG2_2.java" Intrnl_Id="25" MltplExecId="L1-2" MltplExecPrefix="g2_2.EjecutorG2_2.java" NvrExecId="L1-0" NvrExecPrefix="g2_2.EjecutorG2_2.java" OnceExecutedId="L1-1" OnceExecutedPrefix="g2_2.EjecutorG2_2.java" OptBodyExec="true">
<StmntSeq Intrnl_Id="26">
<LocList>
<Loc EndOffset="307" SrcFileId="1" StartOffset="259"/>
<Loc EndOffset="333" SrcFileId="1" StartOffset="311"/>
<Loc EndOffset="344" SrcFileId="1" StartOffset="340"/>
</LocList>
<BasicStmnt CovItemId="S7" CovItemPrefix="g2_2.EjecutorG2_2.java" Intrnl_Id="27">
<LocList>
<Loc EndOffset="307" SrcFileId="1" StartOffset="259"/>
</LocList>
</BasicStmnt>
<BasicStmnt CovItemId="S8" CovItemPrefix="g2_2.EjecutorG2_2.java" Intrnl_Id="28">
<LocList>
<Loc EndOffset="333" SrcFileId="1" StartOffset="311"/>
</LocList>
</BasicStmnt>
<BasicStmnt CovItemId="S9" CovItemPrefix="g2_2.EjecutorG2_2.java" Intrnl_Id="29">
<LocList>
<Loc EndOffset="344" SrcFileId="1" StartOffset="340"/>
</LocList>
</BasicStmnt>
</StmntSeq>
<Keyword EndOffset="217" SrcFileId="1" StartOffset="212"/>
<LocList>
<Loc EndOffset="348" SrcFileId="1" StartOffset="212"/>
</LocList>
<RootTerm CovItemId="C2" CovItemPrefix="g2_2.EjecutorG2_2.java" Intrnl_Id="30">
<OpTerm BooleanOpId="3" Intrnl_Id="31">
<BasicBoolTerm Intrnl_Id="32">
<LocList>
<Loc EndOffset="236" SrcFileId="1" StartOffset="220"/>
</LocList>
</BasicBoolTerm>
<OpTerm BooleanOpId="4" Intrnl_Id="33">
<BasicBoolTerm Intrnl_Id="34">
<LocList>
<Loc EndOffset="246" SrcFileId="1" StartOffset="243"/>
</LocList>
</BasicBoolTerm>
<LocList>
<Loc EndOffset="243" SrcFileId="1" StartOffset="242"/>
</LocList>
</OpTerm>
<LocList>
<Loc EndOffset="241" SrcFileId="1" StartOffset="239"/>
</LocList>
</OpTerm>
</RootTerm>
</LoopStmnt>
<CondStmnt CovItemId="S10" CovItemPrefix="g2_2.EjecutorG2_2.java" Intrnl_Id="35">
<Branch CovItemId="B3" CovItemPrefix="g2_2.EjecutorG2_2.java" Implct="false" Intrnl_Id="36">
<Cond/>
<LocList>
<Loc EndOffset="377" SrcFileId="1" StartOffset="366"/>
</LocList>
<StmntSeq Intrnl_Id="37">
<LocList>
<Loc EndOffset="377" SrcFileId="1" StartOffset="366"/>
</LocList>
<BasicStmnt CovItemId="S11" CovItemPrefix="g2_2.EjecutorG2_2.java" Intrnl_Id="38">
<LocList>
<Loc EndOffset="377" SrcFileId="1" StartOffset="366"/>
</LocList>
</BasicStmnt>
</StmntSeq>
</Branch>
<Branch CovItemId="B4" CovItemPrefix="g2_2.EjecutorG2_2.java" Implct="false" Intrnl_Id="39">
<Cond>
<Loc EndOffset="384" SrcFileId="1" StartOffset="380"/>
</Cond>
<LocList>
<Loc EndOffset="398" SrcFileId="1" StartOffset="388"/>
</LocList>
<StmntSeq Intrnl_Id="40">
<LocList>
<Loc EndOffset="398" SrcFileId="1" StartOffset="388"/>
</LocList>
<BasicStmnt CovItemId="S12" CovItemPrefix="g2_2.EjecutorG2_2.java" Intrnl_Id="41">
<LocList>
<Loc EndOffset="398" SrcFileId="1" StartOffset="388"/>
</LocList>
</BasicStmnt>
</StmntSeq>
</Branch>
<Keyword EndOffset="356" SrcFileId="1" StartOffset="354"/>
<LocList>
<Loc EndOffset="398" SrcFileId="1" StartOffset="354"/>
</LocList>
<RootTerm CovItemId="C3" CovItemPrefix="g2_2.EjecutorG2_2.java" Intrnl_Id="42">
<BasicBoolTerm Intrnl_Id="43">
<LocList>
<Loc EndOffset="361" SrcFileId="1" StartOffset="358"/>
</LocList>
</BasicBoolTerm>
</RootTerm>
</CondStmnt>
</StmntSeq>
</HierarchyLvl>
</HierarchyLvl>
</HierarchyLvl>
<HierarchyLvl HierarchyLvlId="120" HierarchyLvlTypeId="5" Intrnl_Id="44" Name="g2_1">
<Header/>
<LocList/>
<HierarchyLvl HierarchyLvlId="118" HierarchyLvlTypeId="7" Intrnl_Id="45" Name="EjecutorG2_1">
<Header>
<Loc EndOffset="40" SrcFileId="2" StartOffset="15"/>
</Header>
<LocList>
<Loc EndOffset="658" SrcFileId="2" StartOffset="15"/>
</LocList>
<HierarchyLvl HierarchyLvlId="117" HierarchyLvlTypeId="6" Intrnl_Id="46" Name="hexDigToDec">
<Header>
<Loc EndOffset="91" SrcFileId="2" StartOffset="46"/>
</Header>
<LocList>
<Loc EndOffset="655" SrcFileId="2" StartOffset="46"/>
</LocList>
<StmntSeq Intrnl_Id="47">
<LocList>
<Loc EndOffset="108" SrcFileId="2" StartOffset="97"/>
<Loc EndOffset="133" SrcFileId="2" StartOffset="111"/>
<Loc EndOffset="161" SrcFileId="2" StartOffset="136"/>
<Loc EndOffset="279" SrcFileId="2" StartOffset="199"/>
<Loc EndOffset="368" SrcFileId="2" StartOffset="324"/>
<Loc EndOffset="412" SrcFileId="2" StartOffset="371"/>
<Loc EndOffset="622" SrcFileId="2" StartOffset="435"/>
<Loc EndOffset="652" SrcFileId="2" StartOffset="641"/>
</LocList>
<BasicStmnt CovItemId="S1" CovItemPrefix="g2_1.EjecutorG2_1.java" Intrnl_Id="48">
<LocList>
<Loc EndOffset="108" SrcFileId="2" StartOffset="97"/>
</LocList>
</BasicStmnt>
<BasicStmnt CovItemId="S2" CovItemPrefix="g2_1.EjecutorG2_1.java" Intrnl_Id="49">
<LocList>
<Loc EndOffset="133" SrcFileId="2" StartOffset="111"/>
</LocList>
</BasicStmnt>
<BasicStmnt CovItemId="S3" CovItemPrefix="g2_1.EjecutorG2_1.java" Intrnl_Id="50">
<LocList>
<Loc EndOffset="161" SrcFileId="2" StartOffset="136"/>
</LocList>
</BasicStmnt>
<CondStmnt CovItemId="S4" CovItemPrefix="g2_1.EjecutorG2_1.java" Intrnl_Id="51">
<Branch CovItemId="B1" CovItemPrefix="g2_1.EjecutorG2_1.java" Implct="false" Intrnl_Id="52">
<Cond/>
<LocList>
<Loc EndOffset="279" SrcFileId="2" StartOffset="238"/>
</LocList>
<StmntSeq Intrnl_Id="53">
<LocList>
<Loc EndOffset="279" SrcFileId="2" StartOffset="238"/>
</LocList>
<BasicStmnt CovItemId="S5" CovItemPrefix="g2_1.EjecutorG2_1.java" Intrnl_Id="54">
<LocList>
<Loc EndOffset="279" SrcFileId="2" StartOffset="238"/>
</LocList>
</BasicStmnt>
</StmntSeq>
</Branch>
<Branch CovItemId="B2" CovItemPrefix="g2_1.EjecutorG2_1.java" Implct="true" Intrnl_Id="55">
<Cond/>
<LocList/>
<StmntSeq Intrnl_Id="56">
<LocList/>
</StmntSeq>
</Branch>
<Keyword EndOffset="201" SrcFileId="2" StartOffset="199"/>
<LocList>
<Loc EndOffset="279" SrcFileId="2" StartOffset="199"/>
</LocList>
<RootTerm CovItemId="C1" CovItemPrefix="g2_1.EjecutorG2_1.java" Intrnl_Id="57">
<OpTerm BooleanOpId="3" Intrnl_Id="58">
<BasicBoolTerm Intrnl_Id="59">
<LocList>
<Loc EndOffset="216" SrcFileId="2" StartOffset="203"/>
</LocList>
</BasicBoolTerm>
<BasicBoolTerm Intrnl_Id="60">
<LocList>
<Loc EndOffset="233" SrcFileId="2" StartOffset="220"/>
</LocList>
</BasicBoolTerm>
<LocList>
<Loc EndOffset="219" SrcFileId="2" StartOffset="217"/>
</LocList>
</OpTerm>
</RootTerm>
</CondStmnt>
<BasicStmnt CovItemId="S6" CovItemPrefix="g2_1.EjecutorG2_1.java" Intrnl_Id="61">
<LocList>
<Loc EndOffset="368" SrcFileId="2" StartOffset="324"/>
</LocList>
</BasicStmnt>
<BasicStmnt CovItemId="S7" CovItemPrefix="g2_1.EjecutorG2_1.java" Intrnl_Id="62">
<LocList>
<Loc EndOffset="412" SrcFileId="2" StartOffset="371"/>
</LocList>
</BasicStmnt>
<CondStmnt CovItemId="S8" CovItemPrefix="g2_1.EjecutorG2_1.java" Intrnl_Id="63">
<Branch CovItemId="B3" CovItemPrefix="g2_1.EjecutorG2_1.java" Implct="false" Intrnl_Id="64">
<Cond/>
<LocList>
<Loc EndOffset="572" SrcFileId="2" StartOffset="532"/>
</LocList>
<StmntSeq Intrnl_Id="65">
<LocList>
<Loc EndOffset="572" SrcFileId="2" StartOffset="532"/>
</LocList>
<BasicStmnt CovItemId="S9" CovItemPrefix="g2_1.EjecutorG2_1.java" Intrnl_Id="66">
<LocList>
<Loc EndOffset="572" SrcFileId="2" StartOffset="532"/>
</LocList>
</BasicStmnt>
</StmntSeq>
</Branch>
<Branch CovItemId="B4" CovItemPrefix="g2_1.EjecutorG2_1.java" Implct="false" Intrnl_Id="67">
<Cond>
<Loc EndOffset="579" SrcFileId="2" StartOffset="575"/>
</Cond>
<LocList>
<Loc EndOffset="622" SrcFileId="2" StartOffset="583"/>
</LocList>
<StmntSeq Intrnl_Id="68">
<LocList>
<Loc EndOffset="622" SrcFileId="2" StartOffset="583"/>
</LocList>
<CondStmnt CovItemId="S10" CovItemPrefix="g2_1.EjecutorG2_1.java" Intrnl_Id="69">
<Branch CovItemId="B5" CovItemPrefix="g2_1.EjecutorG2_1.java" Implct="false" Intrnl_Id="70">
<Cond/>
<LocList>
<Loc EndOffset="622" SrcFileId="2" StartOffset="602"/>
</LocList>
<StmntSeq Intrnl_Id="71">
<LocList>
<Loc EndOffset="622" SrcFileId="2" StartOffset="602"/>
</LocList>
<BasicStmnt CovItemId="S11" CovItemPrefix="g2_1.EjecutorG2_1.java" Intrnl_Id="72">
<LocList>
<Loc EndOffset="622" SrcFileId="2" StartOffset="602"/>
</LocList>
</BasicStmnt>
</StmntSeq>
</Branch>
<Branch CovItemId="B6" CovItemPrefix="g2_1.EjecutorG2_1.java" Implct="true" Intrnl_Id="73">
<Cond/>
<LocList/>
<StmntSeq Intrnl_Id="74">
<LocList/>
</StmntSeq>
</Branch>
<Keyword EndOffset="585" SrcFileId="2" StartOffset="583"/>
<LocList>
<Loc EndOffset="622" SrcFileId="2" StartOffset="583"/>
</LocList>
<RootTerm CovItemId="C3" CovItemPrefix="g2_1.EjecutorG2_1.java" Intrnl_Id="75">
<BasicBoolTerm Intrnl_Id="76">
<LocList>
<Loc EndOffset="596" SrcFileId="2" StartOffset="586"/>
</LocList>
</BasicBoolTerm>
</RootTerm>
</CondStmnt>
</StmntSeq>
</Branch>
<Keyword EndOffset="437" SrcFileId="2" StartOffset="435"/>
<LocList>
<Loc EndOffset="622" SrcFileId="2" StartOffset="435"/>
</LocList>
<RootTerm CovItemId="C2" CovItemPrefix="g2_1.EjecutorG2_1.java" Intrnl_Id="77">
<BasicBoolTerm Intrnl_Id="78">
<LocList>
<Loc EndOffset="446" SrcFileId="2" StartOffset="439"/>
</LocList>
</BasicBoolTerm>
</RootTerm>
</CondStmnt>
<BasicStmnt CovItemId="S12" CovItemPrefix="g2_1.EjecutorG2_1.java" Intrnl_Id="79">
<LocList>
<Loc EndOffset="652" SrcFileId="2" StartOffset="641"/>
</LocList>
</BasicStmnt>
</StmntSeq>
</HierarchyLvl>
</HierarchyLvl>
</HierarchyLvl>
</HierarchyLvl>
</MASTRoot>
</TestSessionContainer>
