<?xml version="1.0" encoding="UTF-8"?><TestSessionContainer xmlns="http://www.codecover.org/xml/testsession-container" Date="1455156310989" TestSessionContainerId="3085c598-5435-4116-b9d5-2e55950bbe2d" version="1.0">
<SrcFileList>
<SrcFile Content="package g2_2;&#10;&#10;public class EjecutorG2_2 {&#10;&#9;&#10;&#9;&#10;&#9; &#10;&#9;static public int reRedonda (int[] unArray)&#10;&#9;{&#9;&#9;&#10;&#9;&#9;int acumulada=0;&#9;&#9;&#10;&#9;&#9;int i=0;&#10;&#9;&#9;boolean enc=false;&#10;&#9;&#9;&#10;&#9;&#9;while ((i&lt;unArray.length)  &amp;&amp; !enc)&#10;&#9;&#9;{&#10;&#9;&#9;&#9;enc=(unArray[i]==acumulada)&amp;&amp; (unArray[i]%2==0);&#10;&#9;&#9;&#9;acumulada+=unArray[i];&#10;&#9;&#9;&#9;if (!enc) i++;&#10;&#9;&#9;}&#10;&#9;&#9;&#10;&#9;&#9;if (enc)&#10;&#9;&#9;&#9;return i;&#10;&#9;&#9;else&#10;&#9;&#9;&#9;return -1;&#10;&#9;&#9;&#10;&#9;&#9;&#10;&#9;}&#10;&#10;}&#10;" Filename="EjecutorG2_2.java" Intrnl_Id="1"/>
</SrcFileList>
<CritList>
<CritListEntry Name="org.codecover.model.utils.criteria.LoopCoverage" PluginName="org.codecover"/>
<CritListEntry Name="org.codecover.model.utils.criteria.QMOCoverage" PluginName="org.codecover"/>
<CritListEntry Name="org.codecover.model.utils.criteria.ConditionCoverage" PluginName="org.codecover"/>
<CritListEntry Name="org.codecover.model.utils.criteria.BranchCoverage" PluginName="org.codecover"/>
<CritListEntry Name="org.codecover.model.utils.criteria.SynchronizedStatementCoverage" PluginName="org.codecover"/>
<CritListEntry Name="org.codecover.model.utils.criteria.StatementCoverage" PluginName="org.codecover"/>
</CritList>
<BoolOpList>
<BoolOp Arity="2" Intrnl_Id="2" Name="conditional and (&amp;&amp;)">
<BoolAssgnmntBoolMapList>
<MapEntry BoolAssgnmnt="02" Value="false"/>
<MapEntry BoolAssgnmnt="10" Value="false"/>
<MapEntry BoolAssgnmnt="11" Value="true"/>
</BoolAssgnmntBoolMapList>
</BoolOp>
<BoolOp Arity="1" Intrnl_Id="3" Name="not (!)">
<BoolAssgnmntBoolMapList>
<MapEntry BoolAssgnmnt="1" Value="false"/>
<MapEntry BoolAssgnmnt="0" Value="true"/>
</BoolAssgnmntBoolMapList>
</BoolOp>
</BoolOpList>
<HierarchyLvlTypeList>
<HierarchyLvlType EnglishName="package" IntrnlName="package" Intrnl_Id="4"/>
<HierarchyLvlType EnglishName="method" IntrnlName="method" Intrnl_Id="5"/>
<HierarchyLvlType EnglishName="class" IntrnlName="class" Intrnl_Id="6"/>
<HierarchyLvlType EnglishName="default package" IntrnlName="default package" Intrnl_Id="7"/>
</HierarchyLvlTypeList>
<MASTRoot>
<HierarchyLvl HierarchyLvlId="31" HierarchyLvlTypeId="7" Intrnl_Id="8" Name="default package">
<Header/>
<LocList/>
<HierarchyLvl HierarchyLvlId="30" HierarchyLvlTypeId="4" Intrnl_Id="9" Name="g2_2">
<Header/>
<LocList/>
<HierarchyLvl HierarchyLvlId="29" HierarchyLvlTypeId="6" Intrnl_Id="10" Name="EjecutorG2_2">
<Header>
<Loc EndOffset="40" SrcFileId="1" StartOffset="15"/>
</Header>
<LocList>
<Loc EndOffset="357" SrcFileId="1" StartOffset="15"/>
</LocList>
<HierarchyLvl HierarchyLvlId="28" HierarchyLvlTypeId="5" Intrnl_Id="11" Name="reRedonda">
<Header>
<Loc EndOffset="94" SrcFileId="1" StartOffset="51"/>
</Header>
<LocList>
<Loc EndOffset="354" SrcFileId="1" StartOffset="51"/>
</LocList>
<StmntSeq Intrnl_Id="12">
<LocList>
<Loc EndOffset="118" SrcFileId="1" StartOffset="102"/>
<Loc EndOffset="131" SrcFileId="1" StartOffset="123"/>
<Loc EndOffset="152" SrcFileId="1" StartOffset="134"/>
<Loc EndOffset="297" SrcFileId="1" StartOffset="158"/>
<Loc EndOffset="345" SrcFileId="1" StartOffset="303"/>
</LocList>
<BasicStmnt CovItemId="S1" CovItemPrefix="g2_2.EjecutorG2_2.java" Intrnl_Id="13">
<LocList>
<Loc EndOffset="118" SrcFileId="1" StartOffset="102"/>
</LocList>
</BasicStmnt>
<BasicStmnt CovItemId="S2" CovItemPrefix="g2_2.EjecutorG2_2.java" Intrnl_Id="14">
<LocList>
<Loc EndOffset="131" SrcFileId="1" StartOffset="123"/>
</LocList>
</BasicStmnt>
<BasicStmnt CovItemId="S3" CovItemPrefix="g2_2.EjecutorG2_2.java" Intrnl_Id="15">
<LocList>
<Loc EndOffset="152" SrcFileId="1" StartOffset="134"/>
</LocList>
</BasicStmnt>
<LoopStmnt CovItemId="S4" CovItemPrefix="g2_2.EjecutorG2_2.java" Intrnl_Id="16" MltplExecId="L1-2" MltplExecPrefix="g2_2.EjecutorG2_2.java" NvrExecId="L1-0" NvrExecPrefix="g2_2.EjecutorG2_2.java" OnceExecutedId="L1-1" OnceExecutedPrefix="g2_2.EjecutorG2_2.java" OptBodyExec="true">
<StmntSeq Intrnl_Id="17">
<LocList>
<Loc EndOffset="249" SrcFileId="1" StartOffset="201"/>
<Loc EndOffset="275" SrcFileId="1" StartOffset="253"/>
<Loc EndOffset="293" SrcFileId="1" StartOffset="279"/>
</LocList>
<BasicStmnt CovItemId="S5" CovItemPrefix="g2_2.EjecutorG2_2.java" Intrnl_Id="18">
<LocList>
<Loc EndOffset="249" SrcFileId="1" StartOffset="201"/>
</LocList>
</BasicStmnt>
<BasicStmnt CovItemId="S6" CovItemPrefix="g2_2.EjecutorG2_2.java" Intrnl_Id="19">
<LocList>
<Loc EndOffset="275" SrcFileId="1" StartOffset="253"/>
</LocList>
</BasicStmnt>
<CondStmnt CovItemId="S7" CovItemPrefix="g2_2.EjecutorG2_2.java" Intrnl_Id="20">
<Branch CovItemId="B1" CovItemPrefix="g2_2.EjecutorG2_2.java" Implct="false" Intrnl_Id="21">
<Cond/>
<LocList>
<Loc EndOffset="293" SrcFileId="1" StartOffset="289"/>
</LocList>
<StmntSeq Intrnl_Id="22">
<LocList>
<Loc EndOffset="293" SrcFileId="1" StartOffset="289"/>
</LocList>
<BasicStmnt CovItemId="S8" CovItemPrefix="g2_2.EjecutorG2_2.java" Intrnl_Id="23">
<LocList>
<Loc EndOffset="293" SrcFileId="1" StartOffset="289"/>
</LocList>
</BasicStmnt>
</StmntSeq>
</Branch>
<Branch CovItemId="B2" CovItemPrefix="g2_2.EjecutorG2_2.java" Implct="true" Intrnl_Id="24">
<Cond/>
<LocList/>
<StmntSeq Intrnl_Id="25">
<LocList/>
</StmntSeq>
</Branch>
<Keyword EndOffset="281" SrcFileId="1" StartOffset="279"/>
<LocList>
<Loc EndOffset="293" SrcFileId="1" StartOffset="279"/>
</LocList>
<RootTerm CovItemId="C2" CovItemPrefix="g2_2.EjecutorG2_2.java" Intrnl_Id="26">
<OpTerm BooleanOpId="3" Intrnl_Id="27">
<BasicBoolTerm Intrnl_Id="28">
<LocList>
<Loc EndOffset="287" SrcFileId="1" StartOffset="284"/>
</LocList>
</BasicBoolTerm>
<LocList>
<Loc EndOffset="284" SrcFileId="1" StartOffset="283"/>
</LocList>
</OpTerm>
</RootTerm>
</CondStmnt>
</StmntSeq>
<Keyword EndOffset="163" SrcFileId="1" StartOffset="158"/>
<LocList>
<Loc EndOffset="297" SrcFileId="1" StartOffset="158"/>
</LocList>
<RootTerm CovItemId="C1" CovItemPrefix="g2_2.EjecutorG2_2.java" Intrnl_Id="29">
<OpTerm BooleanOpId="2" Intrnl_Id="30">
<BasicBoolTerm Intrnl_Id="31">
<LocList>
<Loc EndOffset="182" SrcFileId="1" StartOffset="166"/>
</LocList>
</BasicBoolTerm>
<OpTerm BooleanOpId="3" Intrnl_Id="32">
<BasicBoolTerm Intrnl_Id="33">
<LocList>
<Loc EndOffset="192" SrcFileId="1" StartOffset="189"/>
</LocList>
</BasicBoolTerm>
<LocList>
<Loc EndOffset="189" SrcFileId="1" StartOffset="188"/>
</LocList>
</OpTerm>
<LocList>
<Loc EndOffset="187" SrcFileId="1" StartOffset="185"/>
</LocList>
</OpTerm>
</RootTerm>
</LoopStmnt>
<CondStmnt CovItemId="S9" CovItemPrefix="g2_2.EjecutorG2_2.java" Intrnl_Id="34">
<Branch CovItemId="B3" CovItemPrefix="g2_2.EjecutorG2_2.java" Implct="false" Intrnl_Id="35">
<Cond/>
<LocList>
<Loc EndOffset="324" SrcFileId="1" StartOffset="315"/>
</LocList>
<StmntSeq Intrnl_Id="36">
<LocList>
<Loc EndOffset="324" SrcFileId="1" StartOffset="315"/>
</LocList>
<BasicStmnt CovItemId="S10" CovItemPrefix="g2_2.EjecutorG2_2.java" Intrnl_Id="37">
<LocList>
<Loc EndOffset="324" SrcFileId="1" StartOffset="315"/>
</LocList>
</BasicStmnt>
</StmntSeq>
</Branch>
<Branch CovItemId="B4" CovItemPrefix="g2_2.EjecutorG2_2.java" Implct="false" Intrnl_Id="38">
<Cond>
<Loc EndOffset="331" SrcFileId="1" StartOffset="327"/>
</Cond>
<LocList>
<Loc EndOffset="345" SrcFileId="1" StartOffset="335"/>
</LocList>
<StmntSeq Intrnl_Id="39">
<LocList>
<Loc EndOffset="345" SrcFileId="1" StartOffset="335"/>
</LocList>
<BasicStmnt CovItemId="S11" CovItemPrefix="g2_2.EjecutorG2_2.java" Intrnl_Id="40">
<LocList>
<Loc EndOffset="345" SrcFileId="1" StartOffset="335"/>
</LocList>
</BasicStmnt>
</StmntSeq>
</Branch>
<Keyword EndOffset="305" SrcFileId="1" StartOffset="303"/>
<LocList>
<Loc EndOffset="345" SrcFileId="1" StartOffset="303"/>
</LocList>
<RootTerm CovItemId="C3" CovItemPrefix="g2_2.EjecutorG2_2.java" Intrnl_Id="41">
<BasicBoolTerm Intrnl_Id="42">
<LocList>
<Loc EndOffset="310" SrcFileId="1" StartOffset="307"/>
</LocList>
</BasicBoolTerm>
</RootTerm>
</CondStmnt>
</StmntSeq>
</HierarchyLvl>
</HierarchyLvl>
</HierarchyLvl>
</HierarchyLvl>
</MASTRoot>
<TestSession Comment="" Date="1455156337988" Name="11-feb-2016 3:05:37">
<TestCase Comment="" Date="1455156337865" Name="g2_2.TestG2_2:redondaTest1">
<CovList>
<CovPrefix CovItemPrefix="g2_2.EjecutorG2_2.java">
<Cov CovItemId="B1" Value="2"/>
<Cov CovItemId="B2" Value="1"/>
<Cov CovItemId="B3" Value="1"/>
<Cov CovItemId="L1-2" Value="1"/>
<Cov CovItemId="S1" Value="1"/>
<Cov CovItemId="S10" Value="1"/>
<Cov CovItemId="S2" Value="1"/>
<Cov CovItemId="S3" Value="1"/>
<Cov CovItemId="S4" Value="1"/>
<Cov CovItemId="S5" Value="3"/>
<Cov CovItemId="S6" Value="3"/>
<Cov CovItemId="S7" Value="3"/>
<Cov CovItemId="S8" Value="2"/>
<Cov CovItemId="S9" Value="1"/>
</CovPrefix>
</CovList>
<AssgnmntList>
<AssgnmntPrefix RootTermCovItemPrefix="g2_2.EjecutorG2_2.java">
<AssgnmntListEntry Length="2" RootTermCovItemId="C1">
<MapEntry BoolAssgnmnt="10" Value="3"/>
<MapEntry BoolAssgnmnt="11" Value="1"/>
</AssgnmntListEntry>
<AssgnmntListEntry Length="1" RootTermCovItemId="C2">
<MapEntry BoolAssgnmnt="0" Value="2"/>
<MapEntry BoolAssgnmnt="1" Value="1"/>
</AssgnmntListEntry>
<AssgnmntListEntry Length="1" RootTermCovItemId="C3">
<MapEntry BoolAssgnmnt="1" Value="1"/>
</AssgnmntListEntry>
</AssgnmntPrefix>
</AssgnmntList>
<ObjMetaDataList/>
<MetaDataList/>
</TestCase>
<MetaDataList/>
</TestSession>
</TestSessionContainer>
